<?xml version="1.0" encoding="UTF-8"?>
<!-- Generated by org.testng.reporters.JUnitReportReporter -->
<testsuite hostname="LAPTOP-44BJ1AUP" failures="0" tests="1" name="testcases.SubcategoryTest" time="11.164" errors="0" timestamp="2025-02-05T20:24:46 IST" skipped="0">
  <testcase classname="testcases.SubcategoryTest" name="deleteExistingSubcategoryFromList" time="11.164"/>
</testsuite> <!-- testcases.SubcategoryTest -->
