<?xml version="1.0" encoding="UTF-8"?>
<!-- Generated by org.testng.reporters.JUnitReportReporter -->
<testsuite hostname="LAPTOP-44BJ1AUP" failures="0" tests="1" name="testcases.LoginTestCase" time="8.139" errors="0" timestamp="2025-01-28T12:10:59 IST" skipped="0">
  <testcase classname="testcases.LoginTestCase" name="userLoginWithValidUsernameandValidPassword" time="8.139"/>
</testsuite> <!-- testcases.LoginTestCase -->
