<?xml version="1.0" encoding="UTF-8"?>
<!-- Generated by org.testng.reporters.JUnitReportReporter -->
<testsuite hostname="LAPTOP-44BJ1AUP" failures="0" tests="1" name="testcases.CategoryTest" time="7.374" errors="0" timestamp="2025-02-09T20:35:55 IST" skipped="0">
  <testcase classname="testcases.CategoryTest" name="editExistingCategoryFromCategoryListPage" time="7.374"/>
</testsuite> <!-- testcases.CategoryTest -->
