<?xml version="1.0" encoding="UTF-8"?>
<!-- Generated by org.testng.reporters.JUnitReportReporter -->
<testsuite hostname="LAPTOP-44BJ1AUP" failures="0" tests="1" name="testcases.ManageNewsTest" time="12.043" errors="0" timestamp="2025-02-05T20:05:38 IST" skipped="0">
  <testcase classname="testcases.ManageNewsTest" name="searchNewsInManageNewsModule" time="12.043"/>
</testsuite> <!-- testcases.ManageNewsTest -->
