<?xml version="1.0" encoding="UTF-8"?>
<!-- Generated by org.testng.reporters.JUnitReportReporter -->
<testsuite hostname="LAPTOP-44BJ1AUP" failures="0" tests="2" name="testcases.LoginTestCase" time="50.964" errors="0" timestamp="2025-02-06T20:42:12 IST" skipped="1">
  <testcase classname="testcases.LoginTestCase" name="userLoginWithValidUsernameandValidPassword" time="4.093"/>
  <testcase classname="testcases.LoginTestCase" name="userLoginWithValidUsernameandValidPassword" time="46.871">
    <skipped/>
  </testcase> <!-- userLoginWithValidUsernameandValidPassword -->
</testsuite> <!-- testcases.LoginTestCase -->
