<?xml version="1.0" encoding="UTF-8"?>
<!-- Generated by org.testng.reporters.JUnitReportReporter -->
<testsuite hostname="LAPTOP-44BJ1AUP" failures="0" tests="1" name="testcases.ManageNewsTest" time="12.630" errors="0" timestamp="2025-02-09T22:28:10 IST" skipped="0">
  <testcase classname="testcases.ManageNewsTest" name="searchNewsInManageNewsModule" time="12.630"/>
</testsuite> <!-- testcases.ManageNewsTest -->
