<?xml version="1.0" encoding="UTF-8"?>
<!-- Generated by org.testng.reporters.JUnitReportReporter -->
<testsuite hostname="LAPTOP-44BJ1AUP" failures="0" tests="1" name="testcases.LoginTestCase" time="9.136" errors="0" timestamp="2025-02-05T19:39:47 IST" skipped="0">
  <testcase classname="testcases.LoginTestCase" name="userLoginWithInvalidUsernameandValidPassword" time="9.136"/>
</testsuite> <!-- testcases.LoginTestCase -->
