<?xml version="1.0" encoding="UTF-8"?>
<!-- Generated by org.testng.reporters.JUnitReportReporter -->
<testsuite hostname="LAPTOP-44BJ1AUP" failures="0" tests="1" name="testcases.SubcategoryTest" time="11.338" errors="0" timestamp="2025-02-09T23:07:07 IST" skipped="0">
  <testcase classname="testcases.SubcategoryTest" name="deleteExistingSubcategoryFromSubcategoryList" time="11.338"/>
</testsuite> <!-- testcases.SubcategoryTest -->
