<?xml version="1.0" encoding="UTF-8"?>
<!-- Generated by org.testng.reporters.JUnitReportReporter -->
<testsuite hostname="LAPTOP-44BJ1AUP" failures="0" tests="1" name="testcases.ManageUsersTest" time="15.200" errors="0" timestamp="2025-02-05T20:14:42 IST" skipped="0">
  <testcase classname="testcases.ManageUsersTest" name="addnewUserInManageUserModule" time="15.200"/>
</testsuite> <!-- testcases.ManageUsersTest -->
