<?xml version="1.0" encoding="UTF-8"?>
<!-- Generated by org.testng.reporters.JUnitReportReporter -->
<testsuite hostname="LAPTOP-44BJ1AUP" failures="0" tests="1" name="testcases.HomeTest" time="14.271" errors="0" timestamp="2025-02-05T19:53:21 IST" skipped="0">
  <testcase classname="testcases.HomeTest" name="userLogoutFromWebPage" time="14.271"/>
</testsuite> <!-- testcases.HomeTest -->
