<?xml version="1.0" encoding="UTF-8"?>
<!-- Generated by org.testng.reporters.JUnitReportReporter -->
<testsuite hostname="LAPTOP-44BJ1AUP" failures="0" tests="1" name="testcases.HomeTest" time="10.095" errors="0" timestamp="2025-02-09T22:52:26 IST" skipped="0">
  <testcase classname="testcases.HomeTest" name="userLogoutFromWebPage" time="10.095"/>
</testsuite> <!-- testcases.HomeTest -->
