<?xml version="1.0" encoding="UTF-8"?>
<!-- Generated by org.testng.reporters.JUnitReportReporter -->
<testsuite hostname="LAPTOP-44BJ1AUP" failures="0" tests="5" name="testcases.LoginTest" time="45.691" errors="0" timestamp="2025-02-09T22:31:01 IST" skipped="0">
  <testcase classname="testcases.LoginTest" name="userLoginWithValidUsernameandValidPassword" time="8.684"/>
  <testcase classname="testcases.LoginTest" name="userLoginWithValidUsernameandInvalidPassword" time="8.364"/>
  <testcase classname="testcases.LoginTest" name="userLoginWithValidUsernameandInvalidPassword" time="9.069"/>
  <testcase classname="testcases.LoginTest" name="userLoginWithValidUsernameandInvalidPassword" time="8.988"/>
  <testcase classname="testcases.LoginTest" name="userLoginWithInvalidUsernameandInvalidPassword" time="10.586"/>
</testsuite> <!-- testcases.LoginTest -->
