<?xml version="1.0" encoding="UTF-8"?>
<!-- Generated by org.testng.reporters.JUnitReportReporter -->
<testsuite hostname="LAPTOP-44BJ1AUP" failures="0" tests="1" name="testcases.ManageNewsTest" time="8.788" errors="0" timestamp="2025-01-28T12:01:45 IST" skipped="0">
  <testcase classname="testcases.ManageNewsTest" name="addNews" time="8.788"/>
</testsuite> <!-- testcases.ManageNewsTest -->
